Analysis & Elaboration report for Pipeline
Wed Dec 02 14:40:36 2020
Quartus Prime Version 18.1.0 Build 625 09/12/2018 SJ Lite Edition


---------------------
; Table of Contents ;
---------------------
  1. Legal Notice
  2. Analysis & Elaboration Summary
  3. Parallel Compilation
  4. Analysis & Elaboration Settings
  5. Port Connectivity Checks: "ULA:ULA1"
  6. Analysis & Elaboration Messages



----------------
; Legal Notice ;
----------------
Copyright (C) 2018  Intel Corporation. All rights reserved.
Your use of Intel Corporation's design tools, logic functions 
and other software and tools, and its AMPP partner logic 
functions, and any output files from any of the foregoing 
(including device programming or simulation files), and any 
associated documentation or information are expressly subject 
to the terms and conditions of the Intel Program License 
Subscription Agreement, the Intel Quartus Prime License Agreement,
the Intel FPGA IP License Agreement, or other applicable license
agreement, including, without limitation, that your use is for
the sole purpose of programming logic devices manufactured by
Intel and sold by Intel or its authorized distributors.  Please
refer to the applicable agreement for further details.



+----------------------------------------------------------------------------------+
; Analysis & Elaboration Summary                                                   ;
+------------------------------------+---------------------------------------------+
; Analysis & Elaboration Status      ; Successful - Wed Dec 02 14:40:36 2020       ;
; Quartus Prime Version              ; 18.1.0 Build 625 09/12/2018 SJ Lite Edition ;
; Revision Name                      ; Pipeline                                    ;
; Top-level Entity Name              ; CPU                                         ;
; Family                             ; Cyclone IV E                                ;
; Total logic elements               ; N/A until Partition Merge                   ;
;     Total combinational functions  ; N/A until Partition Merge                   ;
;     Dedicated logic registers      ; N/A until Partition Merge                   ;
; Total registers                    ; N/A until Partition Merge                   ;
; Total pins                         ; N/A until Partition Merge                   ;
; Total virtual pins                 ; N/A until Partition Merge                   ;
; Total memory bits                  ; N/A until Partition Merge                   ;
; Embedded Multiplier 9-bit elements ; N/A until Partition Merge                   ;
; Total PLLs                         ; N/A until Partition Merge                   ;
+------------------------------------+---------------------------------------------+


+------------------------------------------+
; Parallel Compilation                     ;
+----------------------------+-------------+
; Processors                 ; Number      ;
+----------------------------+-------------+
; Number detected on machine ; 12          ;
; Maximum allowed            ; 6           ;
;                            ;             ;
; Average used               ; 1.00        ;
; Maximum used               ; 1           ;
;                            ;             ;
; Usage by Processor         ; % Time Used ;
;     Processor 1            ; 100.0%      ;
+----------------------------+-------------+


+------------------------------------------------------------------------------------------------------------+
; Analysis & Elaboration Settings                                                                            ;
+------------------------------------------------------------------+--------------------+--------------------+
; Option                                                           ; Setting            ; Default Value      ;
+------------------------------------------------------------------+--------------------+--------------------+
; Device                                                           ; EP4CE115F29I7      ;                    ;
; Top-level entity name                                            ; CPU                ; Pipeline           ;
; Family name                                                      ; Cyclone IV E       ; Cyclone V          ;
; Use smart compilation                                            ; Off                ; Off                ;
; Enable parallel Assembler and Timing Analyzer during compilation ; On                 ; On                 ;
; Enable compact report table                                      ; Off                ; Off                ;
; Restructure Multiplexers                                         ; Auto               ; Auto               ;
; Create Debugging Nodes for IP Cores                              ; Off                ; Off                ;
; Preserve fewer node names                                        ; On                 ; On                 ;
; Intel FPGA IP Evaluation Mode                                    ; Enable             ; Enable             ;
; Verilog Version                                                  ; Verilog_2001       ; Verilog_2001       ;
; VHDL Version                                                     ; VHDL_1993          ; VHDL_1993          ;
; State Machine Processing                                         ; Auto               ; Auto               ;
; Safe State Machine                                               ; Off                ; Off                ;
; Extract Verilog State Machines                                   ; On                 ; On                 ;
; Extract VHDL State Machines                                      ; On                 ; On                 ;
; Ignore Verilog initial constructs                                ; Off                ; Off                ;
; Iteration limit for constant Verilog loops                       ; 5000               ; 5000               ;
; Iteration limit for non-constant Verilog loops                   ; 250                ; 250                ;
; Add Pass-Through Logic to Inferred RAMs                          ; On                 ; On                 ;
; Infer RAMs from Raw Logic                                        ; On                 ; On                 ;
; Parallel Synthesis                                               ; On                 ; On                 ;
; DSP Block Balancing                                              ; Auto               ; Auto               ;
; NOT Gate Push-Back                                               ; On                 ; On                 ;
; Power-Up Don't Care                                              ; On                 ; On                 ;
; Remove Redundant Logic Cells                                     ; Off                ; Off                ;
; Remove Duplicate Registers                                       ; On                 ; On                 ;
; Ignore CARRY Buffers                                             ; Off                ; Off                ;
; Ignore CASCADE Buffers                                           ; Off                ; Off                ;
; Ignore GLOBAL Buffers                                            ; Off                ; Off                ;
; Ignore ROW GLOBAL Buffers                                        ; Off                ; Off                ;
; Ignore LCELL Buffers                                             ; Off                ; Off                ;
; Ignore SOFT Buffers                                              ; On                 ; On                 ;
; Limit AHDL Integers to 32 Bits                                   ; Off                ; Off                ;
; Optimization Technique                                           ; Balanced           ; Balanced           ;
; Carry Chain Length                                               ; 70                 ; 70                 ;
; Auto Carry Chains                                                ; On                 ; On                 ;
; Auto Open-Drain Pins                                             ; On                 ; On                 ;
; Perform WYSIWYG Primitive Resynthesis                            ; Off                ; Off                ;
; Auto ROM Replacement                                             ; On                 ; On                 ;
; Auto RAM Replacement                                             ; On                 ; On                 ;
; Auto DSP Block Replacement                                       ; On                 ; On                 ;
; Auto Shift Register Replacement                                  ; Auto               ; Auto               ;
; Allow Shift Register Merging across Hierarchies                  ; Auto               ; Auto               ;
; Auto Clock Enable Replacement                                    ; On                 ; On                 ;
; Strict RAM Replacement                                           ; Off                ; Off                ;
; Allow Synchronous Control Signals                                ; On                 ; On                 ;
; Force Use of Synchronous Clear Signals                           ; Off                ; Off                ;
; Auto RAM Block Balancing                                         ; On                 ; On                 ;
; Auto RAM to Logic Cell Conversion                                ; Off                ; Off                ;
; Auto Resource Sharing                                            ; Off                ; Off                ;
; Allow Any RAM Size For Recognition                               ; Off                ; Off                ;
; Allow Any ROM Size For Recognition                               ; Off                ; Off                ;
; Allow Any Shift Register Size For Recognition                    ; Off                ; Off                ;
; Use LogicLock Constraints during Resource Balancing              ; On                 ; On                 ;
; Ignore translate_off and synthesis_off directives                ; Off                ; Off                ;
; Timing-Driven Synthesis                                          ; On                 ; On                 ;
; Report Parameter Settings                                        ; On                 ; On                 ;
; Report Source Assignments                                        ; On                 ; On                 ;
; Report Connectivity Checks                                       ; On                 ; On                 ;
; Ignore Maximum Fan-Out Assignments                               ; Off                ; Off                ;
; Synchronization Register Chain Length                            ; 2                  ; 2                  ;
; Power Optimization During Synthesis                              ; Normal compilation ; Normal compilation ;
; HDL message level                                                ; Level2             ; Level2             ;
; Suppress Register Optimization Related Messages                  ; Off                ; Off                ;
; Number of Removed Registers Reported in Synthesis Report         ; 5000               ; 5000               ;
; Number of Swept Nodes Reported in Synthesis Report               ; 5000               ; 5000               ;
; Number of Inverted Registers Reported in Synthesis Report        ; 100                ; 100                ;
; Clock MUX Protection                                             ; On                 ; On                 ;
; Auto Gated Clock Conversion                                      ; Off                ; Off                ;
; Block Design Naming                                              ; Auto               ; Auto               ;
; SDC constraint protection                                        ; Off                ; Off                ;
; Synthesis Effort                                                 ; Auto               ; Auto               ;
; Shift Register Replacement - Allow Asynchronous Clear Signal     ; On                 ; On                 ;
; Pre-Mapping Resynthesis Optimization                             ; Off                ; Off                ;
; Analysis & Synthesis Message Level                               ; Medium             ; Medium             ;
; Disable Register Merging Across Hierarchies                      ; Auto               ; Auto               ;
; Resource Aware Inference For Block RAM                           ; On                 ; On                 ;
+------------------------------------------------------------------+--------------------+--------------------+


+--------------------------------------------------------------------------------------------------------------------+
; Port Connectivity Checks: "ULA:ULA1"                                                                               ;
+----------+--------+----------+-------------------------------------------------------------------------------------+
; Port     ; Type   ; Severity ; Details                                                                             ;
+----------+--------+----------+-------------------------------------------------------------------------------------+
; cout     ; Output ; Info     ; Connected to dangling logic. Logic that only feeds a dangling port will be removed. ;
; overflow ; Output ; Info     ; Connected to dangling logic. Logic that only feeds a dangling port will be removed. ;
+----------+--------+----------+-------------------------------------------------------------------------------------+


+---------------------------------+
; Analysis & Elaboration Messages ;
+---------------------------------+
Info: *******************************************************************
Info: Running Quartus Prime Analysis & Elaboration
    Info: Version 18.1.0 Build 625 09/12/2018 SJ Lite Edition
    Info: Processing started: Wed Dec 02 14:40:26 2020
Info: Command: quartus_map --read_settings_files=on --write_settings_files=off Pipeline -c Pipeline --analysis_and_elaboration
Warning (18236): Number of processors has not been specified which may cause overloading on shared machines.  Set the global assignment NUM_PARALLEL_PROCESSORS in your QSF to an appropriate value for best performance.
Info (20030): Parallel compilation is enabled and will use 6 of the 6 processors detected
Info (12021): Found 2 design units, including 1 entities, in source file pc.vhd
    Info (12022): Found design unit 1: PC-Behavior File: C:/Users/luiss/Desktop/Pastas/Aula pratica/CPU2/PC.vhd Line: 12
    Info (12023): Found entity 1: PC File: C:/Users/luiss/Desktop/Pastas/Aula pratica/CPU2/PC.vhd Line: 5
Info (12021): Found 2 design units, including 1 entities, in source file mux_ext.vhd
    Info (12022): Found design unit 1: MUX_EXT-Behavior File: C:/Users/luiss/Desktop/Pastas/Aula pratica/CPU2/MUX_EXT.vhd Line: 14
    Info (12023): Found entity 1: MUX_EXT File: C:/Users/luiss/Desktop/Pastas/Aula pratica/CPU2/MUX_EXT.vhd Line: 5
Info (12021): Found 2 design units, including 1 entities, in source file regbank.vhd
    Info (12022): Found design unit 1: RegBank-Behavior File: C:/Users/luiss/Desktop/Pastas/Aula pratica/CPU2/RegBank.vhd Line: 18
    Info (12023): Found entity 1: RegBank File: C:/Users/luiss/Desktop/Pastas/Aula pratica/CPU2/RegBank.vhd Line: 6
Info (12021): Found 2 design units, including 1 entities, in source file ula.vhd
    Info (12022): Found design unit 1: ULA-LogicFunc File: C:/Users/luiss/Desktop/Pastas/Aula pratica/CPU2/ULA.vhd Line: 15
    Info (12023): Found entity 1: ULA File: C:/Users/luiss/Desktop/Pastas/Aula pratica/CPU2/ULA.vhd Line: 5
Info (12021): Found 2 design units, including 1 entities, in source file cache.vhd
    Info (12022): Found design unit 1: CACHE-Behavior File: C:/Users/luiss/Desktop/Pastas/Aula pratica/CPU2/CACHE.vhd Line: 13
    Info (12023): Found entity 1: CACHE File: C:/Users/luiss/Desktop/Pastas/Aula pratica/CPU2/CACHE.vhd Line: 5
Info (12021): Found 2 design units, including 1 entities, in source file controle.vhd
    Info (12022): Found design unit 1: Controle-Behavior File: C:/Users/luiss/Desktop/Pastas/Aula pratica/CPU2/Controle.vhd Line: 15
    Info (12023): Found entity 1: Controle File: C:/Users/luiss/Desktop/Pastas/Aula pratica/CPU2/Controle.vhd Line: 5
Info (12021): Found 2 design units, including 1 entities, in source file id_ex.vhd
    Info (12022): Found design unit 1: ID_EX-Behavior File: C:/Users/luiss/Desktop/Pastas/Aula pratica/CPU2/ID_EX.vhd Line: 19
    Info (12023): Found entity 1: ID_EX File: C:/Users/luiss/Desktop/Pastas/Aula pratica/CPU2/ID_EX.vhd Line: 4
Info (12021): Found 2 design units, including 1 entities, in source file ex_wb.vhd
    Info (12022): Found design unit 1: EX_WB-Behavior File: C:/Users/luiss/Desktop/Pastas/Aula pratica/CPU2/EX_WB.vhd Line: 16
    Info (12023): Found entity 1: EX_WB File: C:/Users/luiss/Desktop/Pastas/Aula pratica/CPU2/EX_WB.vhd Line: 4
Info (12021): Found 2 design units, including 1 entities, in source file if_id.vhd
    Info (12022): Found design unit 1: IF_ID-Behavior File: C:/Users/luiss/Desktop/Pastas/Aula pratica/CPU2/IF_ID.vhd Line: 15
    Info (12023): Found entity 1: IF_ID File: C:/Users/luiss/Desktop/Pastas/Aula pratica/CPU2/IF_ID.vhd Line: 5
Info (12021): Found 2 design units, including 1 entities, in source file cpu.vhd
    Info (12022): Found design unit 1: CPU-Behavior File: C:/Users/luiss/Desktop/Pastas/Aula pratica/CPU2/CPU.vhd Line: 11
    Info (12023): Found entity 1: CPU File: C:/Users/luiss/Desktop/Pastas/Aula pratica/CPU2/CPU.vhd Line: 5
Info (12127): Elaborating entity "CPU" for the top level hierarchy
Warning (10036): Verilog HDL or VHDL warning at CPU.vhd(49): object "Overflow" assigned a value but never read File: C:/Users/luiss/Desktop/Pastas/Aula pratica/CPU2/CPU.vhd Line: 49
Warning (10036): Verilog HDL or VHDL warning at CPU.vhd(50): object "Cout" assigned a value but never read File: C:/Users/luiss/Desktop/Pastas/Aula pratica/CPU2/CPU.vhd Line: 50
Info (12128): Elaborating entity "PC" for hierarchy "PC:PC1" File: C:/Users/luiss/Desktop/Pastas/Aula pratica/CPU2/CPU.vhd Line: 154
Warning (10492): VHDL Process Statement warning at PC.vhd(25): signal "Resetn" is read inside the Process Statement but isn't in the Process Statement's sensitivity list File: C:/Users/luiss/Desktop/Pastas/Aula pratica/CPU2/PC.vhd Line: 25
Warning (10492): VHDL Process Statement warning at PC.vhd(34): signal "Address" is read inside the Process Statement but isn't in the Process Statement's sensitivity list File: C:/Users/luiss/Desktop/Pastas/Aula pratica/CPU2/PC.vhd Line: 34
Warning (10492): VHDL Process Statement warning at PC.vhd(34): signal "Add" is read inside the Process Statement but isn't in the Process Statement's sensitivity list File: C:/Users/luiss/Desktop/Pastas/Aula pratica/CPU2/PC.vhd Line: 34
Warning (10631): VHDL Process Statement warning at PC.vhd(22): inferring latch(es) for signal or variable "Address", which holds its previous value in one or more paths through the process File: C:/Users/luiss/Desktop/Pastas/Aula pratica/CPU2/PC.vhd Line: 22
Info (10041): Inferred latch for "Address[0]" at PC.vhd(22) File: C:/Users/luiss/Desktop/Pastas/Aula pratica/CPU2/PC.vhd Line: 22
Info (10041): Inferred latch for "Address[1]" at PC.vhd(22) File: C:/Users/luiss/Desktop/Pastas/Aula pratica/CPU2/PC.vhd Line: 22
Info (10041): Inferred latch for "Address[2]" at PC.vhd(22) File: C:/Users/luiss/Desktop/Pastas/Aula pratica/CPU2/PC.vhd Line: 22
Info (10041): Inferred latch for "Address[3]" at PC.vhd(22) File: C:/Users/luiss/Desktop/Pastas/Aula pratica/CPU2/PC.vhd Line: 22
Info (10041): Inferred latch for "Address[4]" at PC.vhd(22) File: C:/Users/luiss/Desktop/Pastas/Aula pratica/CPU2/PC.vhd Line: 22
Info (10041): Inferred latch for "Address[5]" at PC.vhd(22) File: C:/Users/luiss/Desktop/Pastas/Aula pratica/CPU2/PC.vhd Line: 22
Info (10041): Inferred latch for "Address[6]" at PC.vhd(22) File: C:/Users/luiss/Desktop/Pastas/Aula pratica/CPU2/PC.vhd Line: 22
Info (10041): Inferred latch for "Address[7]" at PC.vhd(22) File: C:/Users/luiss/Desktop/Pastas/Aula pratica/CPU2/PC.vhd Line: 22
Info (10041): Inferred latch for "Address[8]" at PC.vhd(22) File: C:/Users/luiss/Desktop/Pastas/Aula pratica/CPU2/PC.vhd Line: 22
Info (10041): Inferred latch for "Address[9]" at PC.vhd(22) File: C:/Users/luiss/Desktop/Pastas/Aula pratica/CPU2/PC.vhd Line: 22
Info (10041): Inferred latch for "Address[10]" at PC.vhd(22) File: C:/Users/luiss/Desktop/Pastas/Aula pratica/CPU2/PC.vhd Line: 22
Info (10041): Inferred latch for "Address[11]" at PC.vhd(22) File: C:/Users/luiss/Desktop/Pastas/Aula pratica/CPU2/PC.vhd Line: 22
Info (10041): Inferred latch for "Address[12]" at PC.vhd(22) File: C:/Users/luiss/Desktop/Pastas/Aula pratica/CPU2/PC.vhd Line: 22
Info (10041): Inferred latch for "Address[13]" at PC.vhd(22) File: C:/Users/luiss/Desktop/Pastas/Aula pratica/CPU2/PC.vhd Line: 22
Info (10041): Inferred latch for "Address[14]" at PC.vhd(22) File: C:/Users/luiss/Desktop/Pastas/Aula pratica/CPU2/PC.vhd Line: 22
Info (10041): Inferred latch for "Address[15]" at PC.vhd(22) File: C:/Users/luiss/Desktop/Pastas/Aula pratica/CPU2/PC.vhd Line: 22
Info (12128): Elaborating entity "CACHE" for hierarchy "CACHE:CACHE1" File: C:/Users/luiss/Desktop/Pastas/Aula pratica/CPU2/CPU.vhd Line: 156
Info (12128): Elaborating entity "IF_ID" for hierarchy "IF_ID:IF_ID1" File: C:/Users/luiss/Desktop/Pastas/Aula pratica/CPU2/CPU.vhd Line: 158
Info (12128): Elaborating entity "Controle" for hierarchy "Controle:UC1" File: C:/Users/luiss/Desktop/Pastas/Aula pratica/CPU2/CPU.vhd Line: 160
Warning (10492): VHDL Process Statement warning at Controle.vhd(28): signal "Resetn" is read inside the Process Statement but isn't in the Process Statement's sensitivity list File: C:/Users/luiss/Desktop/Pastas/Aula pratica/CPU2/Controle.vhd Line: 28
Info (12128): Elaborating entity "RegBank" for hierarchy "RegBank:RB" File: C:/Users/luiss/Desktop/Pastas/Aula pratica/CPU2/CPU.vhd Line: 162
Info (12128): Elaborating entity "MUX_EXT" for hierarchy "MUX_EXT:MUX1" File: C:/Users/luiss/Desktop/Pastas/Aula pratica/CPU2/CPU.vhd Line: 164
Info (12128): Elaborating entity "ID_EX" for hierarchy "ID_EX:ID_EX1" File: C:/Users/luiss/Desktop/Pastas/Aula pratica/CPU2/CPU.vhd Line: 166
Info (12128): Elaborating entity "ULA" for hierarchy "ULA:ULA1" File: C:/Users/luiss/Desktop/Pastas/Aula pratica/CPU2/CPU.vhd Line: 168
Warning (10492): VHDL Process Statement warning at ULA.vhd(29): signal "X" is read inside the Process Statement but isn't in the Process Statement's sensitivity list File: C:/Users/luiss/Desktop/Pastas/Aula pratica/CPU2/ULA.vhd Line: 29
Warning (10492): VHDL Process Statement warning at ULA.vhd(29): signal "Y" is read inside the Process Statement but isn't in the Process Statement's sensitivity list File: C:/Users/luiss/Desktop/Pastas/Aula pratica/CPU2/ULA.vhd Line: 29
Warning (10492): VHDL Process Statement warning at ULA.vhd(29): signal "Cin" is read inside the Process Statement but isn't in the Process Statement's sensitivity list File: C:/Users/luiss/Desktop/Pastas/Aula pratica/CPU2/ULA.vhd Line: 29
Warning (10492): VHDL Process Statement warning at ULA.vhd(30): signal "X" is read inside the Process Statement but isn't in the Process Statement's sensitivity list File: C:/Users/luiss/Desktop/Pastas/Aula pratica/CPU2/ULA.vhd Line: 30
Warning (10492): VHDL Process Statement warning at ULA.vhd(30): signal "Y" is read inside the Process Statement but isn't in the Process Statement's sensitivity list File: C:/Users/luiss/Desktop/Pastas/Aula pratica/CPU2/ULA.vhd Line: 30
Warning (10492): VHDL Process Statement warning at ULA.vhd(30): signal "Cin" is read inside the Process Statement but isn't in the Process Statement's sensitivity list File: C:/Users/luiss/Desktop/Pastas/Aula pratica/CPU2/ULA.vhd Line: 30
Warning (10492): VHDL Process Statement warning at ULA.vhd(31): signal "X" is read inside the Process Statement but isn't in the Process Statement's sensitivity list File: C:/Users/luiss/Desktop/Pastas/Aula pratica/CPU2/ULA.vhd Line: 31
Warning (10492): VHDL Process Statement warning at ULA.vhd(31): signal "Y" is read inside the Process Statement but isn't in the Process Statement's sensitivity list File: C:/Users/luiss/Desktop/Pastas/Aula pratica/CPU2/ULA.vhd Line: 31
Warning (10492): VHDL Process Statement warning at ULA.vhd(32): signal "X" is read inside the Process Statement but isn't in the Process Statement's sensitivity list File: C:/Users/luiss/Desktop/Pastas/Aula pratica/CPU2/ULA.vhd Line: 32
Warning (10492): VHDL Process Statement warning at ULA.vhd(32): signal "Y" is read inside the Process Statement but isn't in the Process Statement's sensitivity list File: C:/Users/luiss/Desktop/Pastas/Aula pratica/CPU2/ULA.vhd Line: 32
Warning (10492): VHDL Process Statement warning at ULA.vhd(33): signal "X" is read inside the Process Statement but isn't in the Process Statement's sensitivity list File: C:/Users/luiss/Desktop/Pastas/Aula pratica/CPU2/ULA.vhd Line: 33
Warning (10492): VHDL Process Statement warning at ULA.vhd(33): signal "Y" is read inside the Process Statement but isn't in the Process Statement's sensitivity list File: C:/Users/luiss/Desktop/Pastas/Aula pratica/CPU2/ULA.vhd Line: 33
Warning (10492): VHDL Process Statement warning at ULA.vhd(34): signal "Sum2" is read inside the Process Statement but isn't in the Process Statement's sensitivity list File: C:/Users/luiss/Desktop/Pastas/Aula pratica/CPU2/ULA.vhd Line: 34
Warning (10492): VHDL Process Statement warning at ULA.vhd(35): signal "Sum2" is read inside the Process Statement but isn't in the Process Statement's sensitivity list File: C:/Users/luiss/Desktop/Pastas/Aula pratica/CPU2/ULA.vhd Line: 35
Warning (10492): VHDL Process Statement warning at ULA.vhd(35): signal "X" is read inside the Process Statement but isn't in the Process Statement's sensitivity list File: C:/Users/luiss/Desktop/Pastas/Aula pratica/CPU2/ULA.vhd Line: 35
Warning (10492): VHDL Process Statement warning at ULA.vhd(35): signal "Y" is read inside the Process Statement but isn't in the Process Statement's sensitivity list File: C:/Users/luiss/Desktop/Pastas/Aula pratica/CPU2/ULA.vhd Line: 35
Warning (10492): VHDL Process Statement warning at ULA.vhd(35): signal "Sum1" is read inside the Process Statement but isn't in the Process Statement's sensitivity list File: C:/Users/luiss/Desktop/Pastas/Aula pratica/CPU2/ULA.vhd Line: 35
Info (12128): Elaborating entity "EX_WB" for hierarchy "EX_WB:EX_WB1" File: C:/Users/luiss/Desktop/Pastas/Aula pratica/CPU2/CPU.vhd Line: 170
Info: Quartus Prime Analysis & Elaboration was successful. 0 errors, 25 warnings
    Info: Peak virtual memory: 4785 megabytes
    Info: Processing ended: Wed Dec 02 14:40:36 2020
    Info: Elapsed time: 00:00:10
    Info: Total CPU time (on all processors): 00:00:22


